2020-12-14 13:44:12 INFO  Logging:30 - Clicking the +more option
2020-12-14 13:44:12 INFO  Logging:30 - Verifying tom monumemnt section
2020-12-14 13:48:16 INFO  Logging:30 - Clicking the +more option
2020-12-14 13:48:16 INFO  Logging:30 - Verifying tom monumemnt section
2020-12-14 13:51:21 INFO  Logging:30 - Clicking the +more option
2020-12-14 13:51:21 INFO  Logging:30 - Verifying tom monumemnt section
2020-12-14 13:56:34 INFO  Logging:30 - Clicking the +more option
2020-12-14 13:59:15 INFO  Logging:30 - Clicking the +more option
2020-12-14 13:59:15 INFO  Logging:30 - Clicking the Monument tab
2020-12-14 14:07:46 INFO  Logging:30 - Clicking the +more option
2020-12-14 14:07:46 INFO  Logging:30 - Clicking the Monument tab
2020-12-14 14:10:04 INFO  Logging:30 - Clicking the +more option
2020-12-14 14:10:04 INFO  Logging:30 - Clicking the Monument tab
2020-12-14 14:11:28 INFO  Logging:30 - Clicking the +more option
2020-12-14 14:11:28 INFO  Logging:30 - Clicking the Monument tab
2020-12-14 14:13:21 INFO  Logging:30 - Clicking the +more option
2020-12-14 14:13:21 INFO  Logging:30 - Clicking the Monument tab
2020-12-14 14:27:29 INFO  Logging:30 - Clicking the +more option
2020-12-14 14:27:29 INFO  Logging:30 - Clicking the Monument tab
2020-12-14 14:27:29 INFO  Logging:30 - Checking the top monument section
2020-12-14 14:47:03 INFO  Logging:30 - Clicking the +more option
2020-12-14 14:47:04 INFO  Logging:30 - Clicking the Monument tab
2020-12-14 14:47:05 INFO  Logging:30 - Checking the top monument section
2020-12-14 14:47:58 INFO  Logging:30 - Clicking the +more option
2020-12-14 14:47:58 INFO  Logging:30 - Clicking the Monument tab
2020-12-14 14:47:59 INFO  Logging:30 - Checking the top monument section
2020-12-14 14:59:58 INFO  Logging:30 - Clicking the +more option
2020-12-14 14:59:58 INFO  Logging:30 - Clicking the Monument tab
2020-12-14 15:00:00 INFO  Logging:30 - Checking the top monument section
2020-12-14 15:03:41 INFO  Logging:30 - Clicking the +more option
2020-12-14 15:03:41 INFO  Logging:30 - Clicking the Monument tab
2020-12-14 15:03:42 INFO  Logging:30 - Checking the top monument section
2020-12-14 15:04:39 INFO  Logging:30 - Clicking the +more option
2020-12-14 15:04:39 INFO  Logging:30 - Clicking the Monument tab
2020-12-14 15:04:39 INFO  Logging:30 - Checking the top monument section
2020-12-14 15:10:16 INFO  Logging:30 - Clicking the +more option
2020-12-14 15:10:16 INFO  Logging:30 - Clicking the Monument tab
2020-12-14 15:10:17 INFO  Logging:30 - Checking the top monument section
2020-12-14 15:11:39 INFO  Logging:30 - Clicking the +more option
2020-12-14 15:11:40 INFO  Logging:30 - Clicking the Monument tab
2020-12-14 15:11:40 INFO  Logging:30 - Checking the top monument section
2020-12-14 15:13:38 INFO  Logging:30 - Clicking the +more option
2020-12-14 15:13:38 INFO  Logging:30 - Clicking the Monument tab
2020-12-14 15:13:41 INFO  Logging:30 - Checking the top monument section
2020-12-14 15:17:49 INFO  Logging:30 - Clicking the + More option
2020-12-14 15:17:49 INFO  Logging:30 - Clicking the Monument tab
2020-12-14 15:17:49 INFO  Logging:30 - Checking the top monument section
2020-12-14 15:23:04 INFO  Logging:30 - Clicking the + More option
2020-12-14 15:23:04 INFO  Logging:30 - Clicking the Monument tab
2020-12-14 15:23:06 INFO  Logging:30 - Checking the top monument section
2020-12-14 15:30:16 INFO  Logging:30 - Clicking the + More option
2020-12-14 15:30:16 INFO  Logging:30 - Clicking the Monument tab
2020-12-14 15:30:17 INFO  Logging:30 - Checking the top monument section
2020-12-14 15:31:21 INFO  Logging:30 - Clicking the + More option
2020-12-14 15:31:22 INFO  Logging:30 - Clicking the Monument tab
2020-12-14 15:31:22 INFO  Logging:30 - Checking the top monument section
2020-12-14 15:35:41 INFO  Logging:30 - Clicking the + More option
2020-12-14 15:35:41 INFO  Logging:30 - Clicking the Monument tab
2020-12-14 15:35:43 INFO  Logging:30 - Checking the top monument section
2020-12-14 15:44:06 INFO  Logging:30 - Clicking the + More option
2020-12-14 15:44:06 INFO  Logging:30 - Clicking the Monument tab
2020-12-14 15:44:06 INFO  Logging:30 - Checking the top monument section
2020-12-14 15:53:27 INFO  Logging:30 - Clicking the + More option
2020-12-14 15:53:27 INFO  Logging:30 - Clicking the Monument tab
2020-12-14 15:53:28 INFO  Logging:30 - Checking the top monument section
2020-12-14 15:53:50 INFO  Logging:30 - Clicking the + More option
2020-12-14 15:53:50 INFO  Logging:30 - Clicking the Monument tab
2020-12-14 15:53:50 INFO  Logging:30 - Checking the top monument section
2020-12-14 16:07:14 INFO  Logging:30 - Clicking the + More option
2020-12-14 16:07:16 INFO  Logging:30 - Clicking the Monument tab
2020-12-14 16:07:55 INFO  Logging:30 - Clicking the + More option
2020-12-14 16:07:55 INFO  Logging:30 - Clicking the Monument tab
2020-12-14 16:07:58 INFO  Logging:30 - Checking the top monument section
2020-12-14 16:08:11 INFO  Logging:30 - Clicking the + More option
2020-12-14 16:09:17 INFO  Logging:30 - Clicking the + More option
2020-12-14 16:09:17 INFO  Logging:30 - Clicking the + More option
2020-12-14 16:09:17 INFO  Logging:30 - Clicking the Monument tab
2020-12-14 16:09:17 INFO  Logging:30 - Clicking the Monument tab
2020-12-14 16:09:17 INFO  Logging:30 - Checking the top monument section
2020-12-14 16:09:19 INFO  Logging:30 - Checking the top monument section
2020-12-14 16:11:28 INFO  Logging:30 - Clicking the + More option
2020-12-14 16:11:28 INFO  Logging:30 - Clicking the Monument tab
2020-12-14 16:11:28 INFO  Logging:30 - Checking the top monument section
2020-12-14 16:11:34 INFO  Logging:30 - Clicking the + More option
2020-12-14 16:11:35 INFO  Logging:30 - Clicking the Monument tab
2020-12-14 16:11:35 INFO  Logging:30 - Checking the top monument section
2020-12-14 16:15:37 INFO  Logging:30 - Clicking the +more option
2020-12-14 16:15:37 INFO  Logging:30 - Clicking the cruise menu
2020-12-14 16:15:40 INFO  Logging:30 - Entering destination
2020-12-14 16:19:36 INFO  Logging:30 - Clicking the +more option
2020-12-14 16:19:36 INFO  Logging:30 - Clicking the cruise menu
2020-12-14 16:19:38 INFO  Logging:30 - Entering destination
2020-12-14 16:23:11 INFO  Logging:30 - Clicking the +more option
2020-12-14 16:23:11 INFO  Logging:30 - Clicking the cruise menu
2020-12-14 16:23:12 INFO  Logging:30 - Entering destination
2020-12-14 16:24:42 INFO  Logging:30 - Clicking the + More option
2020-12-14 16:24:43 INFO  Logging:30 - Clicking the cruise menu
2020-12-14 16:24:43 INFO  Logging:30 - Entering destination
2020-12-14 16:28:04 INFO  Logging:30 - Clicking the + More option
2020-12-14 16:28:04 INFO  Logging:30 - Clicking the cruise menu
2020-12-14 16:28:06 INFO  Logging:30 - Entering destination
2020-12-14 16:29:46 INFO  Logging:30 - Clicking the + More option
2020-12-14 16:29:46 INFO  Logging:30 - Clicking the cruise menu
2020-12-14 16:29:47 INFO  Logging:30 - Entering destination
2020-12-14 16:35:47 INFO  Logging:30 - Clicking the + More option
2020-12-14 16:35:47 INFO  Logging:30 - Clicking the cruise menu
2020-12-14 16:35:48 INFO  Logging:30 - Entering destination
2020-12-14 16:37:06 INFO  Logging:30 - Clicking the + More option
2020-12-14 16:37:06 INFO  Logging:30 - Clicking the cruise menu
2020-12-14 16:37:08 INFO  Logging:30 - Entering destination
2020-12-14 16:40:59 INFO  Logging:30 - Clicking the + More option
2020-12-14 16:40:59 INFO  Logging:30 - Clicking the cruise menu
2020-12-14 16:41:01 INFO  Logging:30 - Entering destination
2020-12-14 16:41:32 INFO  Logging:30 - Entering depature date
2020-12-14 16:42:08 INFO  Logging:30 - Clicking the + More option
2020-12-14 16:42:08 INFO  Logging:30 - Clicking the cruise menu
2020-12-14 16:42:08 INFO  Logging:30 - Entering destination
2020-12-14 16:43:16 INFO  Logging:30 - Clicking the + More option
2020-12-14 16:43:16 INFO  Logging:30 - Clicking the cruise menu
2020-12-14 16:43:18 INFO  Logging:30 - Entering destination
2020-12-14 16:43:19 INFO  Logging:30 - Entering depature date
2020-12-14 16:49:32 INFO  Logging:30 - Clicking the + More option
2020-12-14 16:49:32 INFO  Logging:30 - Clicking the cruise menu
2020-12-14 16:49:34 INFO  Logging:30 - Entering destination
2020-12-14 16:49:36 INFO  Logging:30 - Entering depature date
2020-12-14 16:49:36 INFO  Logging:30 - Entering day_duration
2020-12-14 16:49:36 INFO  Logging:30 - Entering cruiseline
2020-12-14 16:49:36 INFO  Logging:30 - Clicking search cruise button
2020-12-14 16:49:46 INFO  Logging:30 - Clicking the + More option
2020-12-14 16:49:46 INFO  Logging:30 - Clicking the cruise menu
2020-12-14 16:49:48 INFO  Logging:30 - Entering destination
2020-12-14 16:49:50 INFO  Logging:30 - Entering depature date
2020-12-14 16:49:50 INFO  Logging:30 - Entering day_duration
2020-12-14 16:49:50 INFO  Logging:30 - Entering cruiseline
2020-12-14 16:49:50 INFO  Logging:30 - Clicking search cruise button
2020-12-14 16:49:59 INFO  Logging:30 - Clicking the + More option
2020-12-14 16:49:59 INFO  Logging:30 - Clicking the cruise menu
2020-12-14 16:50:00 INFO  Logging:30 - Entering destination
2020-12-14 16:50:02 INFO  Logging:30 - Entering depature date
2020-12-14 16:50:02 INFO  Logging:30 - Entering day_duration
2020-12-14 16:50:02 INFO  Logging:30 - Entering cruiseline
2020-12-14 16:50:02 INFO  Logging:30 - Clicking search cruise button
2020-12-14 16:50:11 INFO  Logging:30 - Clicking the + More option
2020-12-14 16:50:11 INFO  Logging:30 - Clicking the cruise menu
2020-12-14 16:50:13 INFO  Logging:30 - Entering destination
2020-12-14 16:50:14 INFO  Logging:30 - Entering depature date
2020-12-14 16:50:14 INFO  Logging:30 - Entering day_duration
2020-12-14 16:50:14 INFO  Logging:30 - Entering cruiseline
2020-12-14 16:50:14 INFO  Logging:30 - Clicking search cruise button
2020-12-14 16:50:24 INFO  Logging:30 - Clicking the + More option
2020-12-14 16:50:24 INFO  Logging:30 - Clicking the cruise menu
2020-12-14 16:50:26 INFO  Logging:30 - Entering destination
2020-12-14 16:50:27 INFO  Logging:30 - Entering depature date
2020-12-14 16:50:27 INFO  Logging:30 - Entering day_duration
2020-12-14 16:50:27 INFO  Logging:30 - Entering cruiseline
2020-12-14 16:50:27 INFO  Logging:30 - Clicking search cruise button
2020-12-14 16:51:46 INFO  Logging:30 - Clicking the + More option
2020-12-14 16:51:46 INFO  Logging:30 - Clicking the cruise menu
2020-12-14 16:51:48 INFO  Logging:30 - Entering destination
2020-12-14 16:51:50 INFO  Logging:30 - Entering depature date
2020-12-14 16:51:50 INFO  Logging:30 - Entering day_duration
2020-12-14 16:51:50 INFO  Logging:30 - Entering cruiseline
2020-12-14 16:51:50 INFO  Logging:30 - Clicking search cruise button
2020-12-14 16:52:03 INFO  Logging:30 - Clicking the + More option
2020-12-14 16:52:03 INFO  Logging:30 - Clicking the cruise menu
2020-12-14 16:52:04 INFO  Logging:30 - Clicking the + More option
2020-12-14 16:52:04 INFO  Logging:30 - Clicking the cruise menu
2020-12-14 16:52:04 INFO  Logging:30 - Entering destination
2020-12-14 16:52:14 INFO  Logging:30 - Entering depature date
2020-12-14 16:52:14 INFO  Logging:30 - Entering day_duration
2020-12-14 16:52:14 INFO  Logging:30 - Entering cruiseline
2020-12-14 16:52:14 INFO  Logging:30 - Clicking search cruise button
2020-12-14 16:52:18 INFO  Logging:30 - Entering destination
2020-12-14 16:52:19 INFO  Logging:30 - Entering depature date
2020-12-14 16:52:20 INFO  Logging:30 - Entering day_duration
2020-12-14 16:52:20 INFO  Logging:30 - Entering cruiseline
2020-12-14 16:52:21 INFO  Logging:30 - Clicking search cruise button
2020-12-14 16:53:05 INFO  Logging:30 - Clicking the + More option
2020-12-14 16:53:05 INFO  Logging:30 - Clicking the cruise menu
2020-12-14 16:53:10 INFO  Logging:30 - Entering destination
2020-12-14 16:53:30 INFO  Logging:30 - Entering depature date
2020-12-14 16:53:31 INFO  Logging:30 - Entering day_duration
2020-12-14 16:53:31 INFO  Logging:30 - Entering cruiseline
2020-12-14 16:53:31 INFO  Logging:30 - Clicking search cruise button
2020-12-14 16:53:35 INFO  Logging:30 - Clicking the + More option
2020-12-14 16:53:43 INFO  Logging:30 - Clicking the + More option
2020-12-14 16:53:44 INFO  Logging:30 - Clicking the cruise menu
2020-12-14 16:53:48 INFO  Logging:30 - Entering destination
2020-12-14 16:53:48 INFO  Logging:30 - Entering depature date
2020-12-14 16:53:48 INFO  Logging:30 - Entering day_duration
2020-12-14 16:53:48 INFO  Logging:30 - Entering cruiseline
2020-12-14 16:53:49 INFO  Logging:30 - Clicking search cruise button
2020-12-14 16:54:06 INFO  Logging:30 - Clicking the + More option
2020-12-14 16:54:07 INFO  Logging:30 - Clicking the cruise menu
2020-12-14 16:54:12 INFO  Logging:30 - Entering destination
2020-12-14 16:54:12 INFO  Logging:30 - Entering depature date
2020-12-14 16:54:13 INFO  Logging:30 - Entering day_duration
2020-12-14 16:54:13 INFO  Logging:30 - Entering cruiseline
2020-12-14 16:54:13 INFO  Logging:30 - Clicking search cruise button
2020-12-14 16:54:13 INFO  Logging:30 - Clicking the + More option
2020-12-14 16:54:13 INFO  Logging:30 - Clicking the cruise menu
2020-12-14 16:54:16 INFO  Logging:30 - Entering destination
2020-12-14 16:54:18 INFO  Logging:30 - Entering depature date
2020-12-14 16:54:18 INFO  Logging:30 - Entering day_duration
2020-12-14 16:54:18 INFO  Logging:30 - Entering cruiseline
2020-12-14 16:54:18 INFO  Logging:30 - Clicking search cruise button
2020-12-14 16:54:34 INFO  Logging:30 - Clicking the + More option
2020-12-14 16:54:34 INFO  Logging:30 - Clicking the cruise menu
2020-12-14 16:54:36 INFO  Logging:30 - Clicking the + More option
2020-12-14 16:54:36 INFO  Logging:30 - Clicking the cruise menu
2020-12-14 16:54:38 INFO  Logging:30 - Entering destination
2020-12-14 16:54:39 INFO  Logging:30 - Entering destination
2020-12-14 16:54:39 INFO  Logging:30 - Entering depature date
2020-12-14 16:54:39 INFO  Logging:30 - Entering depature date
2020-12-14 16:54:39 INFO  Logging:30 - Entering day_duration
2020-12-14 16:54:39 INFO  Logging:30 - Entering cruiseline
2020-12-14 16:54:39 INFO  Logging:30 - Clicking search cruise button
2020-12-14 16:54:39 INFO  Logging:30 - Entering day_duration
2020-12-14 16:54:40 INFO  Logging:30 - Entering cruiseline
2020-12-14 16:54:40 INFO  Logging:30 - Clicking search cruise button
2020-12-14 16:55:01 INFO  Logging:30 - Clicking the + More option
2020-12-14 16:55:01 INFO  Logging:30 - Clicking the Monument tab
2020-12-14 16:55:01 INFO  Logging:30 - Checking the top monument section
2020-12-14 16:55:13 INFO  Logging:30 - Clicking the + More option
2020-12-14 16:56:36 INFO  Logging:30 - Clicking the + More option
2020-12-14 16:56:36 INFO  Logging:30 - Clicking the cruise menu
2020-12-14 16:56:37 INFO  Logging:30 - Clicking the + More option
2020-12-14 16:56:38 INFO  Logging:30 - Clicking the cruise menu
2020-12-14 16:56:41 INFO  Logging:30 - Entering destination
2020-12-14 16:56:42 INFO  Logging:30 - Entering depature date
2020-12-14 16:56:42 INFO  Logging:30 - Entering day_duration
2020-12-14 16:56:42 INFO  Logging:30 - Entering cruiseline
2020-12-14 16:56:42 INFO  Logging:30 - Clicking search cruise button
2020-12-14 16:56:44 INFO  Logging:30 - Entering destination
2020-12-14 16:56:44 INFO  Logging:30 - Entering depature date
2020-12-14 16:56:44 INFO  Logging:30 - Entering day_duration
2020-12-14 16:56:44 INFO  Logging:30 - Entering cruiseline
2020-12-14 16:56:45 INFO  Logging:30 - Clicking search cruise button
2020-12-14 16:57:22 INFO  Logging:30 - Clicking the + More option
2020-12-14 16:57:23 INFO  Logging:30 - Clicking the cruise menu
2020-12-14 16:57:25 INFO  Logging:30 - Clicking the + More option
2020-12-14 16:57:25 INFO  Logging:30 - Clicking the cruise menu
2020-12-14 16:57:25 INFO  Logging:30 - Entering destination
2020-12-14 16:57:26 INFO  Logging:30 - Entering destination
2020-12-14 16:57:26 INFO  Logging:30 - Entering depature date
2020-12-14 16:57:27 INFO  Logging:30 - Entering day_duration
2020-12-14 16:57:27 INFO  Logging:30 - Entering cruiseline
2020-12-14 16:57:27 INFO  Logging:30 - Clicking search cruise button
2020-12-14 16:57:31 INFO  Logging:30 - Entering depature date
2020-12-14 16:57:31 INFO  Logging:30 - Entering day_duration
2020-12-14 16:57:31 INFO  Logging:30 - Entering cruiseline
2020-12-14 16:57:31 INFO  Logging:30 - Clicking search cruise button
2020-12-14 16:57:43 INFO  Logging:30 - Clicking the + More option
2020-12-14 16:57:43 INFO  Logging:30 - Clicking the cruise menu
2020-12-14 16:57:44 INFO  Logging:30 - Entering destination
2020-12-14 16:57:47 INFO  Logging:30 - Clicking the + More option
2020-12-14 16:57:48 INFO  Logging:30 - Clicking the cruise menu
2020-12-14 16:57:50 INFO  Logging:30 - Entering depature date
2020-12-14 16:57:50 INFO  Logging:30 - Entering day_duration
2020-12-14 16:57:50 INFO  Logging:30 - Entering cruiseline
2020-12-14 16:57:50 INFO  Logging:30 - Clicking search cruise button
2020-12-14 16:57:52 INFO  Logging:30 - Entering destination
2020-12-14 16:57:52 INFO  Logging:30 - Entering depature date
2020-12-14 16:57:52 INFO  Logging:30 - Entering day_duration
2020-12-14 16:57:53 INFO  Logging:30 - Entering cruiseline
2020-12-14 16:57:53 INFO  Logging:30 - Clicking search cruise button
2020-12-14 16:58:04 INFO  Logging:30 - Clicking the + More option
2020-12-14 16:58:04 INFO  Logging:30 - Clicking the cruise menu
2020-12-14 16:58:07 INFO  Logging:30 - Entering destination
2020-12-14 16:58:08 INFO  Logging:30 - Entering depature date
2020-12-14 16:58:08 INFO  Logging:30 - Entering day_duration
2020-12-14 16:58:08 INFO  Logging:30 - Entering cruiseline
2020-12-14 16:58:08 INFO  Logging:30 - Clicking search cruise button
2020-12-14 16:58:19 INFO  Logging:30 - Clicking the + More option
2020-12-14 16:58:30 INFO  Logging:30 - Clicking the + More option
2020-12-14 16:58:30 INFO  Logging:30 - Clicking the cruise menu
2020-12-14 16:58:33 INFO  Logging:30 - Entering destination
2020-12-14 16:58:37 INFO  Logging:30 - Entering depature date
2020-12-14 16:58:37 INFO  Logging:30 - Entering day_duration
2020-12-14 16:58:37 INFO  Logging:30 - Entering cruiseline
2020-12-14 16:58:37 INFO  Logging:30 - Clicking search cruise button
2020-12-14 16:58:42 INFO  Logging:30 - Clicking the + More option
2020-12-14 16:58:42 INFO  Logging:30 - Clicking the cruise menu
2020-12-14 16:58:47 INFO  Logging:30 - Entering destination
2020-12-14 16:58:48 INFO  Logging:30 - Entering depature date
2020-12-14 16:58:48 INFO  Logging:30 - Entering day_duration
2020-12-14 16:58:48 INFO  Logging:30 - Entering cruiseline
2020-12-14 16:58:48 INFO  Logging:30 - Clicking search cruise button
2020-12-14 16:58:53 INFO  Logging:30 - Clicking the + More option
2020-12-14 16:58:53 INFO  Logging:30 - Clicking the Monument tab
2020-12-14 16:58:54 INFO  Logging:30 - Checking the top monument section
2020-12-14 16:59:10 INFO  Logging:30 - Clicking the + More option
2020-12-14 16:59:10 INFO  Logging:30 - Clicking the Monument tab
2020-12-14 16:59:10 INFO  Logging:30 - Checking the top monument section
2020-12-14 17:01:24 INFO  Logging:30 - Clicking the + More option
2020-12-14 17:01:25 INFO  Logging:30 - Clicking the cruise menu
2020-12-14 17:01:25 INFO  Logging:30 - Entering destination
2020-12-14 17:01:27 INFO  Logging:30 - Clicking the + More option
2020-12-14 17:01:27 INFO  Logging:30 - Clicking the cruise menu
2020-12-14 17:01:30 INFO  Logging:30 - Entering depature date
2020-12-14 17:01:30 INFO  Logging:30 - Entering day_duration
2020-12-14 17:01:30 INFO  Logging:30 - Entering cruiseline
2020-12-14 17:01:30 INFO  Logging:30 - Clicking search cruise button
2020-12-14 17:01:32 INFO  Logging:30 - Entering destination
2020-12-14 17:01:32 INFO  Logging:30 - Entering depature date
2020-12-14 17:01:33 INFO  Logging:30 - Entering day_duration
2020-12-14 17:01:33 INFO  Logging:30 - Entering cruiseline
2020-12-14 17:01:33 INFO  Logging:30 - Clicking search cruise button
2020-12-14 17:01:41 INFO  Logging:30 - Clicking the + More option
2020-12-14 17:01:41 INFO  Logging:30 - Clicking the cruise menu
2020-12-14 17:01:41 INFO  Logging:30 - Entering destination
2020-12-14 17:01:44 INFO  Logging:30 - Entering depature date
2020-12-14 17:01:44 INFO  Logging:30 - Entering day_duration
2020-12-14 17:01:44 INFO  Logging:30 - Entering cruiseline
2020-12-14 17:01:44 INFO  Logging:30 - Clicking search cruise button
2020-12-14 17:01:56 INFO  Logging:30 - Clicking the + More option
2020-12-14 17:01:56 INFO  Logging:30 - Clicking the cruise menu
2020-12-14 17:01:57 INFO  Logging:30 - Entering destination
2020-12-14 17:02:15 INFO  Logging:30 - Entering depature date
2020-12-14 17:02:15 INFO  Logging:30 - Clicking the + More option
2020-12-14 17:02:15 INFO  Logging:30 - Entering day_duration
2020-12-14 17:02:15 INFO  Logging:30 - Entering cruiseline
2020-12-14 17:02:15 INFO  Logging:30 - Clicking search cruise button
2020-12-14 17:02:32 INFO  Logging:30 - Clicking the + More option
2020-12-14 17:02:32 INFO  Logging:30 - Clicking the cruise menu
2020-12-14 17:02:45 INFO  Logging:30 - Clicking the + More option
2020-12-14 17:02:46 INFO  Logging:30 - Clicking the cruise menu
2020-12-14 17:02:50 INFO  Logging:30 - Entering destination
2020-12-14 17:02:51 INFO  Logging:30 - Entering depature date
2020-12-14 17:02:51 INFO  Logging:30 - Entering day_duration
2020-12-14 17:02:51 INFO  Logging:30 - Entering cruiseline
2020-12-14 17:02:51 INFO  Logging:30 - Clicking search cruise button
2020-12-14 17:03:49 INFO  Logging:30 - Clicking the + More option
2020-12-14 17:03:51 INFO  Logging:30 - Clicking the cruise menu
2020-12-14 17:04:01 INFO  Logging:30 - Entering destination
2020-12-14 17:04:02 INFO  Logging:30 - Entering depature date
2020-12-14 17:04:02 INFO  Logging:30 - Entering day_duration
2020-12-14 17:04:02 INFO  Logging:30 - Entering cruiseline
2020-12-14 17:04:02 INFO  Logging:30 - Clicking search cruise button
2020-12-14 17:05:07 INFO  Logging:30 - Clicking the + More option
2020-12-14 17:05:08 INFO  Logging:30 - Clicking the cruise menu
2020-12-14 17:05:13 INFO  Logging:30 - Entering destination
2020-12-14 17:05:14 INFO  Logging:30 - Entering depature date
2020-12-14 17:05:14 INFO  Logging:30 - Entering day_duration
2020-12-14 17:05:14 INFO  Logging:30 - Entering cruiseline
2020-12-14 17:05:14 INFO  Logging:30 - Clicking search cruise button
2020-12-14 17:05:43 INFO  Logging:30 - Clicking the + More option
2020-12-14 17:06:00 INFO  Logging:30 - Clicking the + More option
2020-12-14 17:06:00 INFO  Logging:30 - Clicking the cruise menu
2020-12-14 17:06:01 INFO  Logging:30 - Entering destination
2020-12-14 17:06:04 INFO  Logging:30 - Entering depature date
2020-12-14 17:06:04 INFO  Logging:30 - Entering day_duration
2020-12-14 17:06:04 INFO  Logging:30 - Entering cruiseline
2020-12-14 17:06:04 INFO  Logging:30 - Clicking search cruise button
2020-12-14 17:06:12 INFO  Logging:30 - Clicking the + More option
2020-12-14 17:06:12 INFO  Logging:30 - Clicking the Monument tab
2020-12-14 17:06:12 INFO  Logging:30 - Checking the top monument section
2020-12-14 17:08:20 INFO  Logging:30 - Clicking the + More option
2020-12-14 17:08:20 INFO  Logging:30 - Clicking the cruise menu
2020-12-14 17:08:21 INFO  Logging:30 - Entering destination
2020-12-14 17:08:26 INFO  Logging:30 - Clicking the + More option
2020-12-14 17:08:26 INFO  Logging:30 - Clicking the cruise menu
2020-12-14 17:08:36 INFO  Logging:30 - Entering destination
2020-12-14 17:08:36 INFO  Logging:30 - Entering depature date
2020-12-14 17:08:37 INFO  Logging:30 - Entering day_duration
2020-12-14 17:08:37 INFO  Logging:30 - Entering cruiseline
2020-12-14 17:08:37 INFO  Logging:30 - Clicking search cruise button
2020-12-14 17:08:37 INFO  Logging:30 - Switching to new window
2020-12-14 17:08:40 INFO  Logging:30 - Entering depature date
2020-12-14 17:08:40 INFO  Logging:30 - Entering day_duration
2020-12-14 17:08:40 INFO  Logging:30 - Entering cruiseline
2020-12-14 17:08:40 INFO  Logging:30 - Clicking search cruise button
2020-12-14 17:08:40 INFO  Logging:30 - Switching to new window
2020-12-14 17:08:53 INFO  Logging:30 - Clicking the + More option
2020-12-14 17:08:54 INFO  Logging:30 - Clicking the cruise menu
2020-12-14 17:08:54 INFO  Logging:30 - Entering destination
2020-12-14 17:09:00 INFO  Logging:30 - Entering depature date
2020-12-14 17:09:00 INFO  Logging:30 - Entering day_duration
2020-12-14 17:09:00 INFO  Logging:30 - Entering cruiseline
2020-12-14 17:09:00 INFO  Logging:30 - Clicking search cruise button
2020-12-14 17:09:00 INFO  Logging:30 - Switching to new window
2020-12-14 17:09:03 INFO  Logging:30 - Clicking the + More option
2020-12-14 17:09:04 INFO  Logging:30 - Clicking the cruise menu
2020-12-14 17:09:09 INFO  Logging:30 - Entering destination
2020-12-14 17:09:10 INFO  Logging:30 - Entering depature date
2020-12-14 17:09:10 INFO  Logging:30 - Entering day_duration
2020-12-14 17:09:10 INFO  Logging:30 - Entering cruiseline
2020-12-14 17:09:11 INFO  Logging:30 - Clicking search cruise button
2020-12-14 17:09:11 INFO  Logging:30 - Switching to new window
2020-12-14 17:16:43 INFO  Logging:30 - Clicking the + More option
2020-12-14 17:16:44 INFO  Logging:30 - Clicking the cruise menu
2020-12-14 17:16:44 INFO  Logging:30 - Entering destination
2020-12-14 17:16:51 INFO  Logging:30 - Entering depature date
2020-12-14 17:16:52 INFO  Logging:30 - Entering day_duration
2020-12-14 17:16:52 INFO  Logging:30 - Entering cruiseline
2020-12-14 17:16:52 INFO  Logging:30 - Clicking search cruise button
2020-12-14 17:16:54 INFO  Logging:30 - Clicking the + More option
2020-12-14 17:16:55 INFO  Logging:30 - Clicking the cruise menu
2020-12-14 17:17:02 INFO  Logging:30 - Entering destination
2020-12-14 17:17:02 INFO  Logging:30 - Entering depature date
2020-12-14 17:17:03 INFO  Logging:30 - Entering day_duration
2020-12-14 17:17:03 INFO  Logging:30 - Entering cruiseline
2020-12-14 17:17:03 INFO  Logging:30 - Clicking search cruise button
2020-12-14 17:17:18 INFO  Logging:30 - Clicking the + More option
2020-12-14 17:17:18 INFO  Logging:30 - Clicking the cruise menu
2020-12-14 17:17:21 INFO  Logging:30 - Entering destination
2020-12-14 17:17:22 INFO  Logging:30 - Entering depature date
2020-12-14 17:17:22 INFO  Logging:30 - Entering day_duration
2020-12-14 17:17:22 INFO  Logging:30 - Entering cruiseline
2020-12-14 17:17:22 INFO  Logging:30 - Clicking search cruise button
2020-12-14 17:17:28 INFO  Logging:30 - Clicking the + More option
2020-12-14 17:17:28 INFO  Logging:30 - Clicking the cruise menu
2020-12-14 17:17:33 INFO  Logging:30 - Entering destination
2020-12-14 17:17:33 INFO  Logging:30 - Entering depature date
2020-12-14 17:17:33 INFO  Logging:30 - Entering day_duration
2020-12-14 17:17:34 INFO  Logging:30 - Entering cruiseline
2020-12-14 17:17:34 INFO  Logging:30 - Clicking search cruise button
2020-12-14 17:17:36 INFO  Logging:30 - Clicking the + More option
2020-12-14 17:17:36 INFO  Logging:30 - Clicking the cruise menu
2020-12-14 17:17:43 INFO  Logging:30 - Entering destination
2020-12-14 17:17:43 INFO  Logging:30 - Entering depature date
2020-12-14 17:17:43 INFO  Logging:30 - Entering day_duration
2020-12-14 17:17:43 INFO  Logging:30 - Entering cruiseline
2020-12-14 17:17:43 INFO  Logging:30 - Clicking search cruise button
2020-12-14 17:17:57 INFO  Logging:30 - Clicking the + More option
2020-12-14 17:18:03 INFO  Logging:30 - Clicking the cruise menu
2020-12-14 17:18:07 INFO  Logging:30 - Entering destination
2020-12-14 17:18:07 INFO  Logging:30 - Entering depature date
2020-12-14 17:18:07 INFO  Logging:30 - Entering day_duration
2020-12-14 17:18:07 INFO  Logging:30 - Entering cruiseline
2020-12-14 17:18:07 INFO  Logging:30 - Clicking search cruise button
2020-12-14 17:18:10 INFO  Logging:30 - Clicking the + More option
2020-12-14 17:18:12 INFO  Logging:30 - Clicking the cruise menu
2020-12-14 17:18:18 INFO  Logging:30 - Entering destination
2020-12-14 17:18:18 INFO  Logging:30 - Entering depature date
2020-12-14 17:18:18 INFO  Logging:30 - Entering day_duration
2020-12-14 17:18:19 INFO  Logging:30 - Entering cruiseline
2020-12-14 17:18:19 INFO  Logging:30 - Clicking search cruise button
2020-12-14 17:18:34 INFO  Logging:30 - Clicking the + More option
2020-12-14 17:18:34 INFO  Logging:30 - Clicking the cruise menu
2020-12-14 17:18:38 INFO  Logging:30 - Entering destination
2020-12-14 17:18:40 INFO  Logging:30 - Entering depature date
2020-12-14 17:18:40 INFO  Logging:30 - Entering day_duration
2020-12-14 17:18:40 INFO  Logging:30 - Entering cruiseline
2020-12-14 17:18:40 INFO  Logging:30 - Clicking search cruise button
2020-12-14 17:18:57 INFO  Logging:30 - Clicking the + More option
2020-12-14 17:18:58 INFO  Logging:30 - Clicking the cruise menu
2020-12-14 17:19:01 INFO  Logging:30 - Clicking the + More option
2020-12-14 17:19:01 INFO  Logging:30 - Clicking the Monument tab
2020-12-14 17:19:01 INFO  Logging:30 - Checking the top monument section
2020-12-14 17:19:08 INFO  Logging:30 - Entering destination
2020-12-14 17:19:08 INFO  Logging:30 - Entering depature date
2020-12-14 17:19:08 INFO  Logging:30 - Entering day_duration
2020-12-14 17:19:09 INFO  Logging:30 - Entering cruiseline
2020-12-14 17:19:09 INFO  Logging:30 - Clicking search cruise button
2020-12-14 17:19:30 INFO  Logging:30 - Clicking the + More option
2020-12-14 17:19:30 INFO  Logging:30 - Clicking the cruise menu
2020-12-14 17:19:34 INFO  Logging:30 - Entering destination
2020-12-14 17:19:34 INFO  Logging:30 - Entering depature date
2020-12-14 17:19:35 INFO  Logging:30 - Entering day_duration
2020-12-14 17:19:35 INFO  Logging:30 - Entering cruiseline
2020-12-14 17:19:35 INFO  Logging:30 - Clicking search cruise button
2020-12-14 17:19:54 INFO  Logging:30 - Clicking the + More option
2020-12-14 17:19:54 INFO  Logging:30 - Clicking the Monument tab
2020-12-14 17:19:54 INFO  Logging:30 - Checking the top monument section
2020-12-14 17:34:30 INFO  Logging:30 - Clicking the + More option
2020-12-14 17:34:58 INFO  Logging:30 - Clicking the cruise menu
2020-12-14 17:35:00 INFO  Logging:30 - Clicking the + More option
2020-12-14 17:35:01 INFO  Logging:30 - Clicking the cruise menu
2020-12-14 17:35:06 INFO  Logging:30 - Entering destination
2020-12-14 17:35:09 INFO  Logging:30 - Entering depature date
2020-12-14 17:35:10 INFO  Logging:30 - Entering day_duration
2020-12-14 17:35:10 INFO  Logging:30 - Entering cruiseline
2020-12-14 17:35:10 INFO  Logging:30 - Clicking search cruise button
2020-12-14 17:35:10 INFO  Logging:30 - Clicking itinaries icon
2020-12-14 17:35:17 INFO  Logging:30 - Entering destination
2020-12-14 17:35:17 INFO  Logging:30 - Entering depature date
2020-12-14 17:35:18 INFO  Logging:30 - Entering day_duration
2020-12-14 17:35:18 INFO  Logging:30 - Entering cruiseline
2020-12-14 17:35:18 INFO  Logging:30 - Clicking search cruise button
2020-12-14 17:35:18 INFO  Logging:30 - Clicking itinaries icon
2020-12-14 17:37:09 INFO  Logging:30 - Clicking the + More option
2020-12-14 17:37:09 INFO  Logging:30 - Clicking the Monument tab
2020-12-14 17:37:10 INFO  Logging:30 - Checking the top monument section
2020-12-14 17:37:22 INFO  Logging:30 - Clicking the + More option
2020-12-14 17:37:23 INFO  Logging:30 - Clicking the Monument tab
2020-12-14 17:37:24 INFO  Logging:30 - Checking the top monument section
2020-12-14 18:16:11 INFO  Logging:30 - Clicking the + More option
2020-12-14 18:16:11 INFO  Logging:30 - Clicking the cruise menu
2020-12-14 18:16:13 INFO  Logging:30 - Entering destination
2020-12-14 18:16:17 INFO  Logging:30 - Entering depature date
2020-12-14 18:16:17 INFO  Logging:30 - Entering day_duration
2020-12-14 18:16:17 INFO  Logging:30 - Entering cruiseline
2020-12-14 18:16:17 INFO  Logging:30 - Clicking search cruise button
2020-12-14 18:16:17 INFO  Logging:30 - Clicking itinaries icon
2020-12-14 18:16:40 INFO  Logging:30 - Clicking the + More option
2020-12-14 18:16:40 INFO  Logging:30 - Clicking the cruise menu
2020-12-14 18:16:45 INFO  Logging:30 - Entering destination
2020-12-14 18:16:45 INFO  Logging:30 - Entering depature date
2020-12-14 18:16:45 INFO  Logging:30 - Entering day_duration
2020-12-14 18:16:45 INFO  Logging:30 - Entering cruiseline
2020-12-14 18:16:46 INFO  Logging:30 - Clicking search cruise button
2020-12-14 18:16:46 INFO  Logging:30 - Clicking itinaries icon
2020-12-14 18:18:26 INFO  Logging:30 - Clicking the + More option
2020-12-14 18:18:26 INFO  Logging:30 - Clicking the cruise menu
2020-12-14 18:18:27 INFO  Logging:30 - Entering destination
2020-12-14 18:18:29 INFO  Logging:30 - Clicking the + More option
2020-12-14 18:18:29 INFO  Logging:30 - Clicking the cruise menu
2020-12-14 18:18:30 INFO  Logging:30 - Entering depature date
2020-12-14 18:18:30 INFO  Logging:30 - Entering day_duration
2020-12-14 18:18:31 INFO  Logging:30 - Entering cruiseline
2020-12-14 18:18:31 INFO  Logging:30 - Clicking search cruise button
2020-12-14 18:18:33 INFO  Logging:30 - Entering destination
2020-12-14 18:18:33 INFO  Logging:30 - Entering depature date
2020-12-14 18:18:33 INFO  Logging:30 - Entering day_duration
2020-12-14 18:18:34 INFO  Logging:30 - Entering cruiseline
2020-12-14 18:18:34 INFO  Logging:30 - Clicking search cruise button
2020-12-14 18:18:44 INFO  Logging:30 - Clicking the + More option
2020-12-14 18:18:44 INFO  Logging:30 - Clicking the cruise menu
2020-12-14 18:18:47 INFO  Logging:30 - Entering destination
2020-12-14 18:18:49 INFO  Logging:30 - Entering depature date
2020-12-14 18:18:49 INFO  Logging:30 - Entering day_duration
2020-12-14 18:18:49 INFO  Logging:30 - Entering cruiseline
2020-12-14 18:18:49 INFO  Logging:30 - Clicking search cruise button
2020-12-14 18:18:55 INFO  Logging:30 - Clicking the + More option
2020-12-14 18:18:55 INFO  Logging:30 - Clicking the cruise menu
2020-12-14 18:19:02 INFO  Logging:30 - Clicking the + More option
2020-12-14 18:19:03 INFO  Logging:30 - Clicking the cruise menu
2020-12-14 18:19:03 INFO  Logging:30 - Entering destination
2020-12-14 18:19:08 INFO  Logging:30 - Entering depature date
2020-12-14 18:19:08 INFO  Logging:30 - Entering day_duration
2020-12-14 18:19:08 INFO  Logging:30 - Entering cruiseline
2020-12-14 18:19:08 INFO  Logging:30 - Clicking search cruise button
2020-12-14 18:19:20 INFO  Logging:30 - Clicking the + More option
2020-12-14 18:19:24 INFO  Logging:30 - Clicking the + More option
2020-12-14 18:19:24 INFO  Logging:30 - Clicking the cruise menu
2020-12-14 18:19:25 INFO  Logging:30 - Entering destination
2020-12-14 18:19:32 INFO  Logging:30 - Entering depature date
2020-12-14 18:19:32 INFO  Logging:30 - Entering day_duration
2020-12-14 18:19:32 INFO  Logging:30 - Entering cruiseline
2020-12-14 18:19:33 INFO  Logging:30 - Clicking search cruise button
2020-12-14 18:19:48 INFO  Logging:30 - Clicking the + More option
2020-12-14 18:19:49 INFO  Logging:30 - Clicking the cruise menu
2020-12-14 18:19:54 INFO  Logging:30 - Entering destination
2020-12-14 18:19:54 INFO  Logging:30 - Entering depature date
2020-12-14 18:19:54 INFO  Logging:30 - Entering day_duration
2020-12-14 18:19:54 INFO  Logging:30 - Entering cruiseline
2020-12-14 18:19:55 INFO  Logging:30 - Clicking search cruise button
2020-12-14 18:19:56 INFO  Logging:30 - Clicking the + More option
2020-12-14 18:19:56 INFO  Logging:30 - Clicking the cruise menu
2020-12-14 18:19:58 INFO  Logging:30 - Entering destination
2020-12-14 18:19:59 INFO  Logging:30 - Entering depature date
2020-12-14 18:19:59 INFO  Logging:30 - Entering day_duration
2020-12-14 18:19:59 INFO  Logging:30 - Entering cruiseline
2020-12-14 18:19:59 INFO  Logging:30 - Clicking search cruise button
2020-12-14 18:20:19 INFO  Logging:30 - Clicking the + More option
2020-12-14 18:20:19 INFO  Logging:30 - Clicking the cruise menu
2020-12-14 18:20:22 INFO  Logging:30 - Clicking the + More option
2020-12-14 18:20:22 INFO  Logging:30 - Clicking the Monument tab
2020-12-14 18:20:23 INFO  Logging:30 - Checking the top monument section
2020-12-14 18:20:23 INFO  Logging:30 - Entering destination
2020-12-14 18:20:24 INFO  Logging:30 - Entering depature date
2020-12-14 18:20:24 INFO  Logging:30 - Entering day_duration
2020-12-14 18:20:24 INFO  Logging:30 - Entering cruiseline
2020-12-14 18:20:24 INFO  Logging:30 - Clicking search cruise button
2020-12-14 18:20:47 INFO  Logging:30 - Clicking the + More option
2020-12-14 18:20:48 INFO  Logging:30 - Clicking the Monument tab
2020-12-14 18:20:48 INFO  Logging:30 - Checking the top monument section
